C:\USERS\AT11-大井川和真\DESKTOP\授業\GL\GIT\FRAMEWORK\FRAMEWORK.EXE
C:\USERS\AT11-大井川和真\DESKTOP\授業\GL\GIT\FRAMEWORK\FRAMEWORK.PDB
C:\USERS\AT11-大井川和真\DESKTOP\授業\GL\GIT\FRAMEWORK\RELEASE\APPLICATION_MANAGER.OBJ
C:\USERS\AT11-大井川和真\DESKTOP\授業\GL\GIT\FRAMEWORK\RELEASE\ATTITUDE_CONTROLLER.OBJ
C:\USERS\AT11-大井川和真\DESKTOP\授業\GL\GIT\FRAMEWORK\RELEASE\ATTITUDE_CONTROLLER_MANAGER.OBJ
C:\USERS\AT11-大井川和真\DESKTOP\授業\GL\GIT\FRAMEWORK\RELEASE\BASIC.OBJ
C:\USERS\AT11-大井川和真\DESKTOP\授業\GL\GIT\FRAMEWORK\RELEASE\BILLBOARD.OBJ
C:\USERS\AT11-大井川和真\DESKTOP\授業\GL\GIT\FRAMEWORK\RELEASE\BULLET.OBJ
C:\USERS\AT11-大井川和真\DESKTOP\授業\GL\GIT\FRAMEWORK\RELEASE\BULLET_MANAGER.OBJ
C:\USERS\AT11-大井川和真\DESKTOP\授業\GL\GIT\FRAMEWORK\RELEASE\CAMERA.OBJ
C:\USERS\AT11-大井川和真\DESKTOP\授業\GL\GIT\FRAMEWORK\RELEASE\CAMERA_MANAGER.OBJ
C:\USERS\AT11-大井川和真\DESKTOP\授業\GL\GIT\FRAMEWORK\RELEASE\CHARACTER_CAMERA.OBJ
C:\USERS\AT11-大井川和真\DESKTOP\授業\GL\GIT\FRAMEWORK\RELEASE\CHARACTER_CAMERA_MANAGER.OBJ
C:\USERS\AT11-大井川和真\DESKTOP\授業\GL\GIT\FRAMEWORK\RELEASE\CHARACTER_INTERFACE.OBJ
C:\USERS\AT11-大井川和真\DESKTOP\授業\GL\GIT\FRAMEWORK\RELEASE\CHARACTER_MANAGER.OBJ
C:\USERS\AT11-大井川和真\DESKTOP\授業\GL\GIT\FRAMEWORK\RELEASE\CHARACTER_MANAGER_INTERFACE.OBJ
C:\Users\AT11-大井川和真\Desktop\授業\gl\git\framework\Release\cl.command.1.tlog
C:\Users\AT11-大井川和真\Desktop\授業\gl\git\framework\Release\CL.read.1.tlog
C:\Users\AT11-大井川和真\Desktop\授業\gl\git\framework\Release\CL.write.1.tlog
C:\USERS\AT11-大井川和真\DESKTOP\授業\GL\GIT\FRAMEWORK\RELEASE\COLLISION_MANAGER.OBJ
C:\USERS\AT11-大井川和真\DESKTOP\授業\GL\GIT\FRAMEWORK\RELEASE\COLOR4F.OBJ
C:\USERS\AT11-大井川和真\DESKTOP\授業\GL\GIT\FRAMEWORK\RELEASE\DEBUG.OBJ
C:\USERS\AT11-大井川和真\DESKTOP\授業\GL\GIT\FRAMEWORK\RELEASE\DEBUG_CONSOLE.OBJ
C:\USERS\AT11-大井川和真\DESKTOP\授業\GL\GIT\FRAMEWORK\RELEASE\DEBUG_MANAGER.OBJ
C:\USERS\AT11-大井川和真\DESKTOP\授業\GL\GIT\FRAMEWORK\RELEASE\DEVICE_HOLDER.OBJ
C:\USERS\AT11-大井川和真\DESKTOP\授業\GL\GIT\FRAMEWORK\RELEASE\EVENT_BUFFER.OBJ
C:\USERS\AT11-大井川和真\DESKTOP\授業\GL\GIT\FRAMEWORK\RELEASE\FADE_2D.OBJ
C:\USERS\AT11-大井川和真\DESKTOP\授業\GL\GIT\FRAMEWORK\RELEASE\FIELD.OBJ
C:\USERS\AT11-大井川和真\DESKTOP\授業\GL\GIT\FRAMEWORK\RELEASE\FIELD_MANAGER.OBJ
C:\USERS\AT11-大井川和真\DESKTOP\授業\GL\GIT\FRAMEWORK\RELEASE\FILE.OBJ
C:\USERS\AT11-大井川和真\DESKTOP\授業\GL\GIT\FRAMEWORK\RELEASE\FILE_MANAGER.OBJ
C:\USERS\AT11-大井川和真\DESKTOP\授業\GL\GIT\FRAMEWORK\RELEASE\FPS_MANAGER.OBJ
C:\USERS\AT11-大井川和真\DESKTOP\授業\GL\GIT\FRAMEWORK\RELEASE\FRAMEWORK.EXE.INTERMEDIATE.MANIFEST
C:\Users\AT11-大井川和真\Desktop\授業\gl\git\framework\Release\framework.vcxprojResolveAssemblyReference.cache
C:\Users\AT11-大井川和真\Desktop\授業\gl\git\framework\Release\framework.write.1.tlog
C:\USERS\AT11-大井川和真\DESKTOP\授業\GL\GIT\FRAMEWORK\RELEASE\GL_CAMERA.OBJ
C:\USERS\AT11-大井川和真\DESKTOP\授業\GL\GIT\FRAMEWORK\RELEASE\GL_LIGHT.OBJ
C:\USERS\AT11-大井川和真\DESKTOP\授業\GL\GIT\FRAMEWORK\RELEASE\GL_MODEL.OBJ
C:\USERS\AT11-大井川和真\DESKTOP\授業\GL\GIT\FRAMEWORK\RELEASE\GL_RENDERSTATE_2D.OBJ
C:\USERS\AT11-大井川和真\DESKTOP\授業\GL\GIT\FRAMEWORK\RELEASE\GL_RENDERSTATE_3D.OBJ
C:\USERS\AT11-大井川和真\DESKTOP\授業\GL\GIT\FRAMEWORK\RELEASE\GL_RENDERSTATE_ALL.OBJ
C:\USERS\AT11-大井川和真\DESKTOP\授業\GL\GIT\FRAMEWORK\RELEASE\GL_RENDERSTATE_LIGHT_OFF.OBJ
C:\USERS\AT11-大井川和真\DESKTOP\授業\GL\GIT\FRAMEWORK\RELEASE\GL_RENDERSTATE_WIREFRAME.OBJ
C:\USERS\AT11-大井川和真\DESKTOP\授業\GL\GIT\FRAMEWORK\RELEASE\GL_TEXTURE.OBJ
C:\USERS\AT11-大井川和真\DESKTOP\授業\GL\GIT\FRAMEWORK\RELEASE\GL_VERTEX_2D.OBJ
C:\USERS\AT11-大井川和真\DESKTOP\授業\GL\GIT\FRAMEWORK\RELEASE\GL_VERTEX_3D.OBJ
C:\USERS\AT11-大井川和真\DESKTOP\授業\GL\GIT\FRAMEWORK\RELEASE\GRAPHIC_DEVICE.OBJ
C:\USERS\AT11-大井川和真\DESKTOP\授業\GL\GIT\FRAMEWORK\RELEASE\GRAPHIC_MANAGER.OBJ
C:\USERS\AT11-大井川和真\DESKTOP\授業\GL\GIT\FRAMEWORK\RELEASE\IMAGE.OBJ
C:\USERS\AT11-大井川和真\DESKTOP\授業\GL\GIT\FRAMEWORK\RELEASE\INPUT_DEVICE.OBJ
C:\USERS\AT11-大井川和真\DESKTOP\授業\GL\GIT\FRAMEWORK\RELEASE\INPUT_MANAGER.OBJ
C:\USERS\AT11-大井川和真\DESKTOP\授業\GL\GIT\FRAMEWORK\RELEASE\INTERFACE_MANAGER.OBJ
C:\USERS\AT11-大井川和真\DESKTOP\授業\GL\GIT\FRAMEWORK\RELEASE\KEYBOARD.OBJ
C:\USERS\AT11-大井川和真\DESKTOP\授業\GL\GIT\FRAMEWORK\RELEASE\LIFE.OBJ
C:\USERS\AT11-大井川和真\DESKTOP\授業\GL\GIT\FRAMEWORK\RELEASE\LIFE_MANAGER.OBJ
C:\USERS\AT11-大井川和真\DESKTOP\授業\GL\GIT\FRAMEWORK\RELEASE\LIGHT.OBJ
C:\USERS\AT11-大井川和真\DESKTOP\授業\GL\GIT\FRAMEWORK\RELEASE\LIGHT_MANAGER.OBJ
C:\Users\AT11-大井川和真\Desktop\授業\gl\git\framework\Release\link.command.1.tlog
C:\Users\AT11-大井川和真\Desktop\授業\gl\git\framework\Release\link.read.1.tlog
C:\Users\AT11-大井川和真\Desktop\授業\gl\git\framework\Release\link.write.1.tlog
C:\USERS\AT11-大井川和真\DESKTOP\授業\GL\GIT\FRAMEWORK\RELEASE\MAIN.OBJ
C:\USERS\AT11-大井川和真\DESKTOP\授業\GL\GIT\FRAMEWORK\RELEASE\MAIN_WINDOW.OBJ
C:\USERS\AT11-大井川和真\DESKTOP\授業\GL\GIT\FRAMEWORK\RELEASE\MATH.OBJ
C:\USERS\AT11-大井川和真\DESKTOP\授業\GL\GIT\FRAMEWORK\RELEASE\MATRIX4X4.OBJ
C:\USERS\AT11-大井川和真\DESKTOP\授業\GL\GIT\FRAMEWORK\RELEASE\MESHFIELD.OBJ
C:\USERS\AT11-大井川和真\DESKTOP\授業\GL\GIT\FRAMEWORK\RELEASE\MODEL.OBJ
C:\USERS\AT11-大井川和真\DESKTOP\授業\GL\GIT\FRAMEWORK\RELEASE\MODEL_MANAGER.OBJ
C:\USERS\AT11-大井川和真\DESKTOP\授業\GL\GIT\FRAMEWORK\RELEASE\MOUSE.OBJ
C:\Users\AT11-大井川和真\Desktop\授業\gl\git\framework\Release\mt.command.1.tlog
C:\Users\AT11-大井川和真\Desktop\授業\gl\git\framework\Release\mt.read.1.tlog
C:\Users\AT11-大井川和真\Desktop\授業\gl\git\framework\Release\mt.write.1.tlog
C:\USERS\AT11-大井川和真\DESKTOP\授業\GL\GIT\FRAMEWORK\RELEASE\NETWORK_CLIENT.OBJ
C:\USERS\AT11-大井川和真\DESKTOP\授業\GL\GIT\FRAMEWORK\RELEASE\NETWORK_COMMAND_ASSISTANT.OBJ
C:\USERS\AT11-大井川和真\DESKTOP\授業\GL\GIT\FRAMEWORK\RELEASE\NETWORK_DATA.OBJ
C:\USERS\AT11-大井川和真\DESKTOP\授業\GL\GIT\FRAMEWORK\RELEASE\NETWORK_DATA_BUFFER.OBJ
C:\USERS\AT11-大井川和真\DESKTOP\授業\GL\GIT\FRAMEWORK\RELEASE\NETWORK_MANAGER.OBJ
C:\USERS\AT11-大井川和真\DESKTOP\授業\GL\GIT\FRAMEWORK\RELEASE\NETWORK_PLAYER.OBJ
C:\USERS\AT11-大井川和真\DESKTOP\授業\GL\GIT\FRAMEWORK\RELEASE\OBJECT.OBJ
C:\USERS\AT11-大井川和真\DESKTOP\授業\GL\GIT\FRAMEWORK\RELEASE\OBJECT_2D.OBJ
C:\USERS\AT11-大井川和真\DESKTOP\授業\GL\GIT\FRAMEWORK\RELEASE\OBJECT_2D_BUFFER.OBJ
C:\USERS\AT11-大井川和真\DESKTOP\授業\GL\GIT\FRAMEWORK\RELEASE\OBJECT_2D_DATA.OBJ
C:\USERS\AT11-大井川和真\DESKTOP\授業\GL\GIT\FRAMEWORK\RELEASE\OBJECT_2D_LIST.OBJ
C:\USERS\AT11-大井川和真\DESKTOP\授業\GL\GIT\FRAMEWORK\RELEASE\OBJECT_2D_MANAGER.OBJ
C:\USERS\AT11-大井川和真\DESKTOP\授業\GL\GIT\FRAMEWORK\RELEASE\OBJECT_3D.OBJ
C:\USERS\AT11-大井川和真\DESKTOP\授業\GL\GIT\FRAMEWORK\RELEASE\OBJECT_3D_BUFFER.OBJ
C:\USERS\AT11-大井川和真\DESKTOP\授業\GL\GIT\FRAMEWORK\RELEASE\OBJECT_3D_DATA.OBJ
C:\USERS\AT11-大井川和真\DESKTOP\授業\GL\GIT\FRAMEWORK\RELEASE\OBJECT_3D_LIST.OBJ
C:\USERS\AT11-大井川和真\DESKTOP\授業\GL\GIT\FRAMEWORK\RELEASE\OBJECT_3D_MANAGER.OBJ
C:\USERS\AT11-大井川和真\DESKTOP\授業\GL\GIT\FRAMEWORK\RELEASE\OBJECT_MANAGER.OBJ
C:\USERS\AT11-大井川和真\DESKTOP\授業\GL\GIT\FRAMEWORK\RELEASE\OBJECT_MANAGER_INTERFACE.OBJ
C:\USERS\AT11-大井川和真\DESKTOP\授業\GL\GIT\FRAMEWORK\RELEASE\OBJECT_MODEL.OBJ
C:\USERS\AT11-大井川和真\DESKTOP\授業\GL\GIT\FRAMEWORK\RELEASE\OPENGL.OBJ
C:\USERS\AT11-大井川和真\DESKTOP\授業\GL\GIT\FRAMEWORK\RELEASE\PERLIN_NOISE.OBJ
C:\USERS\AT11-大井川和真\DESKTOP\授業\GL\GIT\FRAMEWORK\RELEASE\PLAYER.OBJ
C:\USERS\AT11-大井川和真\DESKTOP\授業\GL\GIT\FRAMEWORK\RELEASE\PLAYER_CAMERA.OBJ
C:\USERS\AT11-大井川和真\DESKTOP\授業\GL\GIT\FRAMEWORK\RELEASE\PLAYER_MANAGER.OBJ
C:\USERS\AT11-大井川和真\DESKTOP\授業\GL\GIT\FRAMEWORK\RELEASE\QUATERNION.OBJ
C:\USERS\AT11-大井川和真\DESKTOP\授業\GL\GIT\FRAMEWORK\RELEASE\RECTANGLE_2D.OBJ
C:\USERS\AT11-大井川和真\DESKTOP\授業\GL\GIT\FRAMEWORK\RELEASE\RECTANGLE_3D.OBJ
C:\USERS\AT11-大井川和真\DESKTOP\授業\GL\GIT\FRAMEWORK\RELEASE\RENDERSTATE.OBJ
C:\USERS\AT11-大井川和真\DESKTOP\授業\GL\GIT\FRAMEWORK\RELEASE\RENDERSTATE_2D.OBJ
C:\USERS\AT11-大井川和真\DESKTOP\授業\GL\GIT\FRAMEWORK\RELEASE\RENDERSTATE_3D.OBJ
C:\USERS\AT11-大井川和真\DESKTOP\授業\GL\GIT\FRAMEWORK\RELEASE\RENDERSTATE_ALL.OBJ
C:\USERS\AT11-大井川和真\DESKTOP\授業\GL\GIT\FRAMEWORK\RELEASE\RENDERSTATE_LIGHT_OFF.OBJ
C:\USERS\AT11-大井川和真\DESKTOP\授業\GL\GIT\FRAMEWORK\RELEASE\RENDERSTATE_MANAGER.OBJ
C:\USERS\AT11-大井川和真\DESKTOP\授業\GL\GIT\FRAMEWORK\RELEASE\RENDERSTATE_WIREFRAME.OBJ
C:\USERS\AT11-大井川和真\DESKTOP\授業\GL\GIT\FRAMEWORK\RELEASE\SCENE.OBJ
C:\USERS\AT11-大井川和真\DESKTOP\授業\GL\GIT\FRAMEWORK\RELEASE\SCENE_FACTORY.OBJ
C:\USERS\AT11-大井川和真\DESKTOP\授業\GL\GIT\FRAMEWORK\RELEASE\SCENE_GAME.OBJ
C:\USERS\AT11-大井川和真\DESKTOP\授業\GL\GIT\FRAMEWORK\RELEASE\SCENE_LOAD.OBJ
C:\USERS\AT11-大井川和真\DESKTOP\授業\GL\GIT\FRAMEWORK\RELEASE\SCENE_MANAGER.OBJ
C:\USERS\AT11-大井川和真\DESKTOP\授業\GL\GIT\FRAMEWORK\RELEASE\SCENE_TITLE.OBJ
C:\USERS\AT11-大井川和真\DESKTOP\授業\GL\GIT\FRAMEWORK\RELEASE\SOUND.OBJ
C:\USERS\AT11-大井川和真\DESKTOP\授業\GL\GIT\FRAMEWORK\RELEASE\SOUND_DEVICE.OBJ
C:\USERS\AT11-大井川和真\DESKTOP\授業\GL\GIT\FRAMEWORK\RELEASE\SOUND_MANAGER.OBJ
C:\USERS\AT11-大井川和真\DESKTOP\授業\GL\GIT\FRAMEWORK\RELEASE\TEXTURE.OBJ
C:\USERS\AT11-大井川和真\DESKTOP\授業\GL\GIT\FRAMEWORK\RELEASE\TEXTURE_MANAGER.OBJ
C:\USERS\AT11-大井川和真\DESKTOP\授業\GL\GIT\FRAMEWORK\RELEASE\TGA.OBJ
C:\USERS\AT11-大井川和真\DESKTOP\授業\GL\GIT\FRAMEWORK\RELEASE\THREAD.OBJ
C:\USERS\AT11-大井川和真\DESKTOP\授業\GL\GIT\FRAMEWORK\RELEASE\USER_NUMBER.OBJ
C:\USERS\AT11-大井川和真\DESKTOP\授業\GL\GIT\FRAMEWORK\RELEASE\USER_NUMBER_MANAGER.OBJ
C:\USERS\AT11-大井川和真\DESKTOP\授業\GL\GIT\FRAMEWORK\RELEASE\VC100.PDB
C:\USERS\AT11-大井川和真\DESKTOP\授業\GL\GIT\FRAMEWORK\RELEASE\VECTOR2.OBJ
C:\USERS\AT11-大井川和真\DESKTOP\授業\GL\GIT\FRAMEWORK\RELEASE\VECTOR3.OBJ
C:\USERS\AT11-大井川和真\DESKTOP\授業\GL\GIT\FRAMEWORK\RELEASE\VECTOR4.OBJ
C:\USERS\AT11-大井川和真\DESKTOP\授業\GL\GIT\FRAMEWORK\RELEASE\VERTEX_2D.OBJ
C:\USERS\AT11-大井川和真\DESKTOP\授業\GL\GIT\FRAMEWORK\RELEASE\VERTEX_3D.OBJ
C:\USERS\AT11-大井川和真\DESKTOP\授業\GL\GIT\FRAMEWORK\RELEASE\WINDOWS_SOCKETS.OBJ
C:\USERS\AT11-大井川和真\DESKTOP\授業\GL\GIT\FRAMEWORK\RELEASE\XAUDIO2.OBJ
C:\USERS\AT11-大井川和真\DESKTOP\授業\GL\GIT\FRAMEWORK\RELEASE\XAUDIO2_SOUND.OBJ
