2014/12/09 13:06:44 にビルドを開始しました。
     1>ノード 2 上のプロジェクト "C:\Users\AT11H245\Desktop\GL31\server\server.vcxproj" (build ターゲット)。
     1>InitializeBuildStatus:
         "AlwaysCreate" が指定されたため "Release\server.unsuccessfulbuild" を作成しています。
       ClCompile:
         C:\Program Files (x86)\Microsoft Visual Studio 10.0\VC\bin\CL.exe /c /Zi /nologo /W3 /WX- /O2 /Oi /Oy- /GL /D WIN32 /D NDEBUG /D _CONSOLE /D _MBCS /Gm- /EHsc /MT /GS /Gy /fp:precise /Zc:wchar_t /Zc:forScope /Fo"Release\\" /Fd"Release\vc100.pdb" /Gd /TP /analyze- /errorReport:prompt main.cpp
         main.cpp
       Link:
         C:\Program Files (x86)\Microsoft Visual Studio 10.0\VC\bin\link.exe /ERRORREPORT:PROMPT /OUT:"C:\Users\AT11H245\Desktop\GL31\server\\server.exe" /INCREMENTAL:NO /NOLOGO kernel32.lib user32.lib gdi32.lib winspool.lib comdlg32.lib advapi32.lib shell32.lib ole32.lib oleaut32.lib uuid.lib odbc32.lib odbccp32.lib /MANIFEST /ManifestFile:"Release\server.exe.intermediate.manifest" /MANIFESTUAC:"level='asInvoker' uiAccess='false'" /DEBUG /PDB:"C:\Users\AT11H245\Desktop\GL31\server\server.pdb" /SUBSYSTEM:CONSOLE /OPT:REF /OPT:ICF /LTCG /TLBID:1 /DYNAMICBASE /NXCOMPAT /IMPLIB:"C:\Users\AT11H245\Desktop\GL31\server\\server.lib" /MACHINE:X86 Release\main.obj
         コード生成しています。
         コード生成が終了しました。
         server.vcxproj -> C:\Users\AT11H245\Desktop\GL31\server\\server.exe
       Manifest:
         C:\Program Files (x86)\Microsoft SDKs\Windows\v7.0A\bin\mt.exe /nologo /verbose /outputresource:"C:\Users\AT11H245\Desktop\GL31\server\\server.exe;#1" /manifest Release\server.exe.intermediate.manifest
       FinalizeBuildStatus:
         ファイル "Release\server.unsuccessfulbuild" を削除しています。
         "Release\server.lastbuildstate" のタッチ タスクを実行しています。
     1>プロジェクト "C:\Users\AT11H245\Desktop\GL31\server\server.vcxproj" (build ターゲット) のビルドが完了しました。

ビルドに成功しました。

経過時間 00:00:01.18
