D:\HAL\AT13B373GL\REPO\FRAMEWORK\DEBUG\APPLICATION_MANAGER.OBJ
D:\HAL\AT13B373GL\REPO\FRAMEWORK\DEBUG\ATTITUDE_CONTROLLER.OBJ
D:\HAL\AT13B373GL\REPO\FRAMEWORK\DEBUG\ATTITUDE_CONTROLLER_MANAGER.OBJ
D:\HAL\AT13B373GL\REPO\FRAMEWORK\DEBUG\AXIS_ALIGNED_BOUNDING_BOX.OBJ
D:\HAL\AT13B373GL\REPO\FRAMEWORK\DEBUG\BASIC.OBJ
D:\HAL\AT13B373GL\REPO\FRAMEWORK\DEBUG\BILLBOARD.OBJ
D:\HAL\AT13B373GL\REPO\FRAMEWORK\DEBUG\BOX.OBJ
D:\HAL\AT13B373GL\REPO\FRAMEWORK\DEBUG\BOX_MANAGER.OBJ
D:\HAL\AT13B373GL\REPO\FRAMEWORK\DEBUG\BULLET.OBJ
D:\HAL\AT13B373GL\REPO\FRAMEWORK\DEBUG\BULLET_MANAGER.OBJ
D:\HAL\AT13B373GL\REPO\FRAMEWORK\DEBUG\CAMERA.OBJ
D:\HAL\AT13B373GL\REPO\FRAMEWORK\DEBUG\CAMERA_MANAGER.OBJ
D:\HAL\AT13B373GL\REPO\FRAMEWORK\DEBUG\CHARACTER_CAMERA.OBJ
D:\HAL\AT13B373GL\REPO\FRAMEWORK\DEBUG\CHARACTER_CAMERA_MANAGER.OBJ
D:\HAL\AT13B373GL\REPO\FRAMEWORK\DEBUG\CHARACTER_INTERFACE.OBJ
D:\HAL\AT13B373GL\REPO\FRAMEWORK\DEBUG\CHARACTER_MANAGER.OBJ
D:\HAL\AT13B373GL\REPO\FRAMEWORK\DEBUG\CHARACTER_MANAGER_INTERFACE.OBJ
D:\HAL\AT13B373GL\repo\framework\Debug\cl.command.1.tlog
D:\HAL\AT13B373GL\repo\framework\Debug\CL.read.1.tlog
D:\HAL\AT13B373GL\repo\framework\Debug\CL.write.1.tlog
D:\HAL\AT13B373GL\REPO\FRAMEWORK\DEBUG\COLLISION_MANAGER.OBJ
D:\HAL\AT13B373GL\REPO\FRAMEWORK\DEBUG\COLOR4F.OBJ
D:\HAL\AT13B373GL\REPO\FRAMEWORK\DEBUG\DEBUG.OBJ
D:\HAL\AT13B373GL\REPO\FRAMEWORK\DEBUG\DEBUG_CONSOLE.OBJ
D:\HAL\AT13B373GL\REPO\FRAMEWORK\DEBUG\DEBUG_MANAGER.OBJ
D:\HAL\AT13B373GL\REPO\FRAMEWORK\DEBUG\DEVICE_HOLDER.OBJ
D:\HAL\AT13B373GL\REPO\FRAMEWORK\DEBUG\EVENT_BUFFER.OBJ
D:\HAL\AT13B373GL\REPO\FRAMEWORK\DEBUG\FADE_2D.OBJ
D:\HAL\AT13B373GL\REPO\FRAMEWORK\DEBUG\FIELD.OBJ
D:\HAL\AT13B373GL\REPO\FRAMEWORK\DEBUG\FIELD_MANAGER.OBJ
D:\HAL\AT13B373GL\REPO\FRAMEWORK\DEBUG\FILE.OBJ
D:\HAL\AT13B373GL\REPO\FRAMEWORK\DEBUG\FILE_MANAGER.OBJ
D:\HAL\AT13B373GL\REPO\FRAMEWORK\DEBUG\FPS_MANAGER.OBJ
D:\HAL\AT13B373GL\REPO\FRAMEWORK\DEBUG\FRAMEWORK.EXE
D:\HAL\AT13B373GL\REPO\FRAMEWORK\DEBUG\FRAMEWORK.EXE.EMBED.MANIFEST
D:\HAL\AT13B373GL\REPO\FRAMEWORK\DEBUG\FRAMEWORK.EXE.EMBED.MANIFEST.RES
D:\HAL\AT13B373GL\REPO\FRAMEWORK\DEBUG\FRAMEWORK.EXE.INTERMEDIATE.MANIFEST
D:\HAL\AT13B373GL\REPO\FRAMEWORK\DEBUG\FRAMEWORK.ILK
D:\HAL\AT13B373GL\REPO\FRAMEWORK\DEBUG\FRAMEWORK.PDB
D:\HAL\AT13B373GL\repo\framework\Debug\framework.write.1.tlog
D:\HAL\AT13B373GL\repo\framework\Debug\framework_manifest.rc
D:\HAL\AT13B373GL\REPO\FRAMEWORK\DEBUG\GL_CAMERA.OBJ
D:\HAL\AT13B373GL\REPO\FRAMEWORK\DEBUG\GL_LIGHT.OBJ
D:\HAL\AT13B373GL\REPO\FRAMEWORK\DEBUG\GL_MODEL.OBJ
D:\HAL\AT13B373GL\REPO\FRAMEWORK\DEBUG\GL_RENDERSTATE_2D.OBJ
D:\HAL\AT13B373GL\REPO\FRAMEWORK\DEBUG\GL_RENDERSTATE_3D.OBJ
D:\HAL\AT13B373GL\REPO\FRAMEWORK\DEBUG\GL_RENDERSTATE_ALL.OBJ
D:\HAL\AT13B373GL\REPO\FRAMEWORK\DEBUG\GL_RENDERSTATE_LIGHT_OFF.OBJ
D:\HAL\AT13B373GL\REPO\FRAMEWORK\DEBUG\GL_RENDERSTATE_WIREFRAME.OBJ
D:\HAL\AT13B373GL\REPO\FRAMEWORK\DEBUG\GL_TEXTURE.OBJ
D:\HAL\AT13B373GL\REPO\FRAMEWORK\DEBUG\GL_VERTEX_2D.OBJ
D:\HAL\AT13B373GL\REPO\FRAMEWORK\DEBUG\GL_VERTEX_3D.OBJ
D:\HAL\AT13B373GL\REPO\FRAMEWORK\DEBUG\GRAPHIC_DEVICE.OBJ
D:\HAL\AT13B373GL\REPO\FRAMEWORK\DEBUG\GRAPHIC_MANAGER.OBJ
D:\HAL\AT13B373GL\REPO\FRAMEWORK\DEBUG\IMAGE.OBJ
D:\HAL\AT13B373GL\REPO\FRAMEWORK\DEBUG\INPUT_DEVICE.OBJ
D:\HAL\AT13B373GL\REPO\FRAMEWORK\DEBUG\INPUT_MANAGER.OBJ
D:\HAL\AT13B373GL\REPO\FRAMEWORK\DEBUG\INTERFACE_MANAGER.OBJ
D:\HAL\AT13B373GL\REPO\FRAMEWORK\DEBUG\KEYBOARD.OBJ
D:\HAL\AT13B373GL\REPO\FRAMEWORK\DEBUG\LIGHT.OBJ
D:\HAL\AT13B373GL\REPO\FRAMEWORK\DEBUG\LIGHT_MANAGER.OBJ
D:\HAL\AT13B373GL\repo\framework\Debug\link.2172.read.1.tlog
D:\HAL\AT13B373GL\repo\framework\Debug\link.2172.write.1.tlog
D:\HAL\AT13B373GL\repo\framework\Debug\link.2172-cvtres.read.1.tlog
D:\HAL\AT13B373GL\repo\framework\Debug\link.2172-cvtres.write.1.tlog
D:\HAL\AT13B373GL\repo\framework\Debug\link.command.1.tlog
D:\HAL\AT13B373GL\repo\framework\Debug\link.read.1.tlog
D:\HAL\AT13B373GL\repo\framework\Debug\link.write.1.tlog
D:\HAL\AT13B373GL\repo\framework\Debug\link-cvtres.read.1.tlog
D:\HAL\AT13B373GL\repo\framework\Debug\link-cvtres.write.1.tlog
D:\HAL\AT13B373GL\REPO\FRAMEWORK\DEBUG\MAIN.OBJ
D:\HAL\AT13B373GL\REPO\FRAMEWORK\DEBUG\MAIN_WINDOW.OBJ
D:\HAL\AT13B373GL\REPO\FRAMEWORK\DEBUG\MATH.OBJ
D:\HAL\AT13B373GL\REPO\FRAMEWORK\DEBUG\MATRIX4X4.OBJ
D:\HAL\AT13B373GL\REPO\FRAMEWORK\DEBUG\MESHDOME.OBJ
D:\HAL\AT13B373GL\REPO\FRAMEWORK\DEBUG\MESHFIELD.OBJ
D:\HAL\AT13B373GL\REPO\FRAMEWORK\DEBUG\MODEL.OBJ
D:\HAL\AT13B373GL\REPO\FRAMEWORK\DEBUG\MODEL_MANAGER.OBJ
D:\HAL\AT13B373GL\REPO\FRAMEWORK\DEBUG\MOUSE.OBJ
D:\HAL\AT13B373GL\repo\framework\Debug\mt.command.1.tlog
D:\HAL\AT13B373GL\repo\framework\Debug\mt.read.1.tlog
D:\HAL\AT13B373GL\repo\framework\Debug\mt.write.1.tlog
D:\HAL\AT13B373GL\REPO\FRAMEWORK\DEBUG\NETWORK_CLIENT.OBJ
D:\HAL\AT13B373GL\REPO\FRAMEWORK\DEBUG\NETWORK_COMMAND_ASSISTANT.OBJ
D:\HAL\AT13B373GL\REPO\FRAMEWORK\DEBUG\NETWORK_DATA.OBJ
D:\HAL\AT13B373GL\REPO\FRAMEWORK\DEBUG\NETWORK_DATA_BUFFER.OBJ
D:\HAL\AT13B373GL\REPO\FRAMEWORK\DEBUG\NETWORK_MANAGER.OBJ
D:\HAL\AT13B373GL\REPO\FRAMEWORK\DEBUG\NETWORK_PLAYER.OBJ
D:\HAL\AT13B373GL\REPO\FRAMEWORK\DEBUG\OBJECT.OBJ
D:\HAL\AT13B373GL\REPO\FRAMEWORK\DEBUG\OBJECT_2D.OBJ
D:\HAL\AT13B373GL\REPO\FRAMEWORK\DEBUG\OBJECT_2D_BUFFER.OBJ
D:\HAL\AT13B373GL\REPO\FRAMEWORK\DEBUG\OBJECT_2D_DATA.OBJ
D:\HAL\AT13B373GL\REPO\FRAMEWORK\DEBUG\OBJECT_2D_LIST.OBJ
D:\HAL\AT13B373GL\REPO\FRAMEWORK\DEBUG\OBJECT_2D_MANAGER.OBJ
D:\HAL\AT13B373GL\REPO\FRAMEWORK\DEBUG\OBJECT_3D.OBJ
D:\HAL\AT13B373GL\REPO\FRAMEWORK\DEBUG\OBJECT_3D_BUFFER.OBJ
D:\HAL\AT13B373GL\REPO\FRAMEWORK\DEBUG\OBJECT_3D_DATA.OBJ
D:\HAL\AT13B373GL\REPO\FRAMEWORK\DEBUG\OBJECT_3D_LIST.OBJ
D:\HAL\AT13B373GL\REPO\FRAMEWORK\DEBUG\OBJECT_3D_MANAGER.OBJ
D:\HAL\AT13B373GL\REPO\FRAMEWORK\DEBUG\OBJECT_MANAGER.OBJ
D:\HAL\AT13B373GL\REPO\FRAMEWORK\DEBUG\OBJECT_MANAGER_INTERFACE.OBJ
D:\HAL\AT13B373GL\REPO\FRAMEWORK\DEBUG\OBJECT_MODEL.OBJ
D:\HAL\AT13B373GL\REPO\FRAMEWORK\DEBUG\OPENGL.OBJ
D:\HAL\AT13B373GL\REPO\FRAMEWORK\DEBUG\PERLIN_NOISE.OBJ
D:\HAL\AT13B373GL\REPO\FRAMEWORK\DEBUG\PLAYER.OBJ
D:\HAL\AT13B373GL\REPO\FRAMEWORK\DEBUG\PLAYER_CAMERA.OBJ
D:\HAL\AT13B373GL\REPO\FRAMEWORK\DEBUG\PLAYER_MANAGER.OBJ
D:\HAL\AT13B373GL\REPO\FRAMEWORK\DEBUG\QUATERNION.OBJ
D:\HAL\AT13B373GL\repo\framework\Debug\rc.command.1.tlog
D:\HAL\AT13B373GL\repo\framework\Debug\rc.read.1.tlog
D:\HAL\AT13B373GL\repo\framework\Debug\rc.write.1.tlog
D:\HAL\AT13B373GL\REPO\FRAMEWORK\DEBUG\RECTANGLE_2D.OBJ
D:\HAL\AT13B373GL\REPO\FRAMEWORK\DEBUG\RECTANGLE_3D.OBJ
D:\HAL\AT13B373GL\REPO\FRAMEWORK\DEBUG\RENDERSTATE.OBJ
D:\HAL\AT13B373GL\REPO\FRAMEWORK\DEBUG\RENDERSTATE_2D.OBJ
D:\HAL\AT13B373GL\REPO\FRAMEWORK\DEBUG\RENDERSTATE_3D.OBJ
D:\HAL\AT13B373GL\REPO\FRAMEWORK\DEBUG\RENDERSTATE_ALL.OBJ
D:\HAL\AT13B373GL\REPO\FRAMEWORK\DEBUG\RENDERSTATE_LIGHT_OFF.OBJ
D:\HAL\AT13B373GL\REPO\FRAMEWORK\DEBUG\RENDERSTATE_MANAGER.OBJ
D:\HAL\AT13B373GL\REPO\FRAMEWORK\DEBUG\RENDERSTATE_WIREFRAME.OBJ
D:\HAL\AT13B373GL\REPO\FRAMEWORK\DEBUG\RESULT_CAMERA.OBJ
D:\HAL\AT13B373GL\REPO\FRAMEWORK\DEBUG\SCENE.OBJ
D:\HAL\AT13B373GL\REPO\FRAMEWORK\DEBUG\SCENE_DATA.OBJ
D:\HAL\AT13B373GL\REPO\FRAMEWORK\DEBUG\SCENE_FACTORY.OBJ
D:\HAL\AT13B373GL\REPO\FRAMEWORK\DEBUG\SCENE_GAME.OBJ
D:\HAL\AT13B373GL\REPO\FRAMEWORK\DEBUG\SCENE_LOAD.OBJ
D:\HAL\AT13B373GL\REPO\FRAMEWORK\DEBUG\SCENE_MANAGER.OBJ
D:\HAL\AT13B373GL\REPO\FRAMEWORK\DEBUG\SCENE_MATCH.OBJ
D:\HAL\AT13B373GL\REPO\FRAMEWORK\DEBUG\SCENE_RESULT.OBJ
D:\HAL\AT13B373GL\REPO\FRAMEWORK\DEBUG\SCENE_TITLE.OBJ
D:\HAL\AT13B373GL\REPO\FRAMEWORK\DEBUG\SOUND.OBJ
D:\HAL\AT13B373GL\REPO\FRAMEWORK\DEBUG\SOUND_DEVICE.OBJ
D:\HAL\AT13B373GL\REPO\FRAMEWORK\DEBUG\SOUND_MANAGER.OBJ
D:\HAL\AT13B373GL\REPO\FRAMEWORK\DEBUG\TEXTURE.OBJ
D:\HAL\AT13B373GL\REPO\FRAMEWORK\DEBUG\TEXTURE_MANAGER.OBJ
D:\HAL\AT13B373GL\REPO\FRAMEWORK\DEBUG\TGA.OBJ
D:\HAL\AT13B373GL\REPO\FRAMEWORK\DEBUG\THREAD.OBJ
D:\HAL\AT13B373GL\REPO\FRAMEWORK\DEBUG\TITLE_CAMERA.OBJ
D:\HAL\AT13B373GL\repo\framework\Debug\vc100.idb
D:\HAL\AT13B373GL\REPO\FRAMEWORK\DEBUG\VC100.PDB
D:\HAL\AT13B373GL\REPO\FRAMEWORK\DEBUG\VECTOR2.OBJ
D:\HAL\AT13B373GL\REPO\FRAMEWORK\DEBUG\VECTOR3.OBJ
D:\HAL\AT13B373GL\REPO\FRAMEWORK\DEBUG\VECTOR4.OBJ
D:\HAL\AT13B373GL\REPO\FRAMEWORK\DEBUG\VERTEX_2D.OBJ
D:\HAL\AT13B373GL\REPO\FRAMEWORK\DEBUG\VERTEX_3D.OBJ
D:\HAL\AT13B373GL\REPO\FRAMEWORK\DEBUG\WINDOWS_SOCKETS.OBJ
D:\HAL\AT13B373GL\REPO\FRAMEWORK\DEBUG\XAUDIO2.OBJ
D:\HAL\AT13B373GL\REPO\FRAMEWORK\DEBUG\XAUDIO2_SOUND.OBJ
