2014/11/27 11:55:09 にビルドを開始しました。
     1>ノード 2 上のプロジェクト "C:\Users\ths25012\Documents\GitGL\framework\framework.vcxproj" (build ターゲット)。
     1>InitializeBuildStatus:
         "AlwaysCreate" が指定されたため "Debug\framework.unsuccessfulbuild" を作成しています。
       ClCompile:
         C:\Program Files (x86)\Microsoft Visual Studio 10.0\VC\bin\CL.exe /c /ZI /nologo /W2 /WX- /Od /Oy- /D WIN32 /D _DEBUG /D _WINDOWS /D _MBCS /Gm /EHsc /RTC1 /MDd /GS /fp:precise /Zc:wchar_t /Zc:forScope /Fo"Debug\\" /Fd"Debug\vc100.pdb" /Gd /TP /FIcommon/type_alias.h /analyze- /errorReport:prompt sources\basic\application_manager.cpp sources\basic\basic.cpp sources\basic\fps_manager.cpp sources\basic\main_window.cpp sources\common\file\file.cpp sources\common\file\file_manager.cpp sources\common\image\color\color4f.cpp sources\common\image\image.cpp sources\common\image\tga.cpp sources\common\math\math.cpp sources\common\math\matrix\matrix4x4.cpp sources\common\math\vector\vector2.cpp sources\common\math\vector\vector3.cpp sources\common\math\vector\vector4.cpp sources\common\thread\thread.cpp sources\debug_tool\debug.cpp sources\debug_tool\debug_console.cpp sources\debug_tool\debug_manager.cpp sources\interface\graphic\camera\camera.cpp sources\interface\graphic\camera\camera_manager.cpp sources\interface\graphic\camera\opengl\gl_camera.cpp sources\interface\graphic\device\device_holder.cpp sources\interface\graphic\device\graphic_device.cpp sources\interface\graphic\device\opengl\opengl.cpp sources\interface\graphic\graphic_manager.cpp sources\interface\graphic\model\model.cpp sources\interface\graphic\model\model_manager.cpp sources\interface\graphic\object\object.cpp sources\interface\graphic\object\object_3d\element\billboard.cpp sources\interface\graphic\object\object_3d\element\object_3d.cpp sources\interface\graphic\object\object_3d\element\object_model.cpp sources\interface\graphic\object\object_3d\element\rectangle_3d.cpp sources\interface\graphic\object\object_3d\object_3d_buffer.cpp sources\interface\graphic\object\object_3d\object_3d_data.cpp sources\interface\graphic\object\object_3d\object_3d_list.cpp sources\interface\graphic\object\object_3d\object_3d_manager.cpp sources\interface\graphic\object\object_manager.cpp sources\interface\graphic\renderstate\renderstate_manager.cpp sources\interface\graphic\renderstate\state\opengl\gl_renderstate_2d.cpp sources\interface\graphic\renderstate\state\opengl\gl_renderstate_3d.cpp sources\interface\graphic\renderstate\state\opengl\gl_renderstate_all.cpp sources\interface\graphic\renderstate\state\renderstate.cpp sources\interface\graphic\renderstate\state\renderstate_2d.cpp sources\interface\graphic\renderstate\state\renderstate_3d.cpp sources\interface\graphic\renderstate\state\renderstate_all.cpp sources\interface\graphic\texture\opengl\gl_texture.cpp sources\interface\graphic\texture\texture.cpp sources\interface\graphic\texture\texture_manager.cpp sources\interface\graphic\vertex\opengl\gl_vertex_3d.cpp sources\interface\graphic\vertex\vertex_3d.cpp sources\interface\input\device\input_device.cpp sources\interface\input\device\keyboard.cpp sources\interface\input\device\mouse.cpp sources\interface\input\event_buffer.cpp sources\interface\input\input_manager.cpp sources\interface\interface_manager.cpp sources\main.cpp sources\scene\factory\scene_factory.cpp sources\scene\game\scene_game.cpp sources\scene\load\scene_load.cpp sources\scene\scene.cpp sources\scene\scene_manager.cpp sources\scene\title\scene_title.cpp
         scene_title.cpp
         scene_manager.cpp
         scene.cpp
         scene_load.cpp
         scene_game.cpp
         scene_factory.cpp
         main.cpp
         interface_manager.cpp
         input_manager.cpp
         event_buffer.cpp
         mouse.cpp
         keyboard.cpp
         input_device.cpp
         vertex_3d.cpp
         gl_vertex_3d.cpp
         texture_manager.cpp
         texture.cpp
         gl_texture.cpp
         renderstate_all.cpp
         renderstate_3d.cpp
         コードを生成中...
         コンパイル中...
         renderstate_2d.cpp
         renderstate.cpp
         gl_renderstate_all.cpp
         gl_renderstate_3d.cpp
         gl_renderstate_2d.cpp
         renderstate_manager.cpp
         object_manager.cpp
         object_3d_manager.cpp
         object_3d_list.cpp
         object_3d_data.cpp
         object_3d_buffer.cpp
         rectangle_3d.cpp
         object_model.cpp
         object_3d.cpp
         billboard.cpp
         object.cpp
         model_manager.cpp
         model.cpp
         graphic_manager.cpp
         opengl.cpp
         コードを生成中...
         コンパイル中...
         graphic_device.cpp
         device_holder.cpp
         gl_camera.cpp
         camera_manager.cpp
         camera.cpp
         debug_manager.cpp
         debug_console.cpp
         debug.cpp
         thread.cpp
         vector4.cpp
         vector3.cpp
         vector2.cpp
         matrix4x4.cpp
         math.cpp
         tga.cpp
         image.cpp
         color4f.cpp
         file_manager.cpp
         file.cpp
         main_window.cpp
         コードを生成中...
         コンパイル中...
         fps_manager.cpp
         basic.cpp
         application_manager.cpp
         コードを生成中...
       ManifestResourceCompile:
         C:\Program Files (x86)\Microsoft SDKs\Windows\v7.0A\bin\rc.exe /nologo /fo"Debug\framework.exe.embed.manifest.res" Debug\framework_manifest.rc 
       Link:
         C:\Program Files (x86)\Microsoft Visual Studio 10.0\VC\bin\link.exe /ERRORREPORT:PROMPT /OUT:"C:\Users\ths25012\Documents\GitGL\framework\Debug\framework.exe" /INCREMENTAL /NOLOGO kernel32.lib user32.lib gdi32.lib winspool.lib comdlg32.lib advapi32.lib shell32.lib ole32.lib oleaut32.lib uuid.lib odbc32.lib odbccp32.lib /MANIFEST /ManifestFile:"Debug\framework.exe.intermediate.manifest" /MANIFESTUAC:"level='asInvoker' uiAccess='false'" /DEBUG /PDB:"C:\Users\ths25012\Documents\GitGL\framework\Debug\framework.pdb" /SUBSYSTEM:WINDOWS /TLBID:1 /DYNAMICBASE /NXCOMPAT /IMPLIB:"C:\Users\ths25012\Documents\GitGL\framework\Debug\framework.lib" /MACHINE:X86 Debug\framework.exe.embed.manifest.res
         Debug\application_manager.obj
         Debug\basic.obj
         Debug\fps_manager.obj
         Debug\main_window.obj
         Debug\file.obj
         Debug\file_manager.obj
         Debug\color4f.obj
         Debug\image.obj
         Debug\tga.obj
         Debug\math.obj
         Debug\matrix4x4.obj
         Debug\vector2.obj
         Debug\vector3.obj
         Debug\vector4.obj
         Debug\thread.obj
         Debug\debug.obj
         Debug\debug_console.obj
         Debug\debug_manager.obj
         Debug\camera.obj
         Debug\camera_manager.obj
         Debug\gl_camera.obj
         Debug\device_holder.obj
         Debug\graphic_device.obj
         Debug\opengl.obj
         Debug\graphic_manager.obj
         Debug\model.obj
         Debug\model_manager.obj
         Debug\object.obj
         Debug\billboard.obj
         Debug\object_3d.obj
         Debug\object_model.obj
         Debug\rectangle_3d.obj
         Debug\object_3d_buffer.obj
         Debug\object_3d_data.obj
         Debug\object_3d_list.obj
         Debug\object_3d_manager.obj
         Debug\object_manager.obj
         Debug\renderstate_manager.obj
         Debug\gl_renderstate_2d.obj
         Debug\gl_renderstate_3d.obj
         Debug\gl_renderstate_all.obj
         Debug\renderstate.obj
         Debug\renderstate_2d.obj
         Debug\renderstate_3d.obj
         Debug\renderstate_all.obj
         Debug\gl_texture.obj
         Debug\texture.obj
         Debug\texture_manager.obj
         Debug\gl_vertex_3d.obj
         Debug\vertex_3d.obj
         Debug\input_device.obj
         Debug\keyboard.obj
         Debug\mouse.obj
         Debug\event_buffer.obj
         Debug\input_manager.obj
         Debug\interface_manager.obj
         Debug\main.obj
         Debug\scene_factory.obj
         Debug\scene_game.obj
         Debug\scene_load.obj
         Debug\scene.obj
         Debug\scene_manager.obj
         Debug\scene_title.obj
       Manifest:
         C:\Program Files (x86)\Microsoft SDKs\Windows\v7.0A\bin\mt.exe /nologo /verbose /out:"Debug\framework.exe.embed.manifest" /manifest Debug\framework.exe.intermediate.manifest
         C:\Program Files (x86)\Microsoft SDKs\Windows\v7.0A\bin\rc.exe /nologo /fo"Debug\framework.exe.embed.manifest.res" Debug\framework_manifest.rc 
       LinkEmbedManifest:
         C:\Program Files (x86)\Microsoft Visual Studio 10.0\VC\bin\link.exe /ERRORREPORT:PROMPT /OUT:"C:\Users\ths25012\Documents\GitGL\framework\Debug\framework.exe" /INCREMENTAL /NOLOGO kernel32.lib user32.lib gdi32.lib winspool.lib comdlg32.lib advapi32.lib shell32.lib ole32.lib oleaut32.lib uuid.lib odbc32.lib odbccp32.lib /MANIFEST /ManifestFile:"Debug\framework.exe.intermediate.manifest" /MANIFESTUAC:"level='asInvoker' uiAccess='false'" /DEBUG /PDB:"C:\Users\ths25012\Documents\GitGL\framework\Debug\framework.pdb" /SUBSYSTEM:WINDOWS /TLBID:1 /DYNAMICBASE /NXCOMPAT /IMPLIB:"C:\Users\ths25012\Documents\GitGL\framework\Debug\framework.lib" /MACHINE:X86 Debug\framework.exe.embed.manifest.res
         Debug\application_manager.obj
         Debug\basic.obj
         Debug\fps_manager.obj
         Debug\main_window.obj
         Debug\file.obj
         Debug\file_manager.obj
         Debug\color4f.obj
         Debug\image.obj
         Debug\tga.obj
         Debug\math.obj
         Debug\matrix4x4.obj
         Debug\vector2.obj
         Debug\vector3.obj
         Debug\vector4.obj
         Debug\thread.obj
         Debug\debug.obj
         Debug\debug_console.obj
         Debug\debug_manager.obj
         Debug\camera.obj
         Debug\camera_manager.obj
         Debug\gl_camera.obj
         Debug\device_holder.obj
         Debug\graphic_device.obj
         Debug\opengl.obj
         Debug\graphic_manager.obj
         Debug\model.obj
         Debug\model_manager.obj
         Debug\object.obj
         Debug\billboard.obj
         Debug\object_3d.obj
         Debug\object_model.obj
         Debug\rectangle_3d.obj
         Debug\object_3d_buffer.obj
         Debug\object_3d_data.obj
         Debug\object_3d_list.obj
         Debug\object_3d_manager.obj
         Debug\object_manager.obj
         Debug\renderstate_manager.obj
         Debug\gl_renderstate_2d.obj
         Debug\gl_renderstate_3d.obj
         Debug\gl_renderstate_all.obj
         Debug\renderstate.obj
         Debug\renderstate_2d.obj
         Debug\renderstate_3d.obj
         Debug\renderstate_all.obj
         Debug\gl_texture.obj
         Debug\texture.obj
         Debug\texture_manager.obj
         Debug\gl_vertex_3d.obj
         Debug\vertex_3d.obj
         Debug\input_device.obj
         Debug\keyboard.obj
         Debug\mouse.obj
         Debug\event_buffer.obj
         Debug\input_manager.obj
         Debug\interface_manager.obj
         Debug\main.obj
         Debug\scene_factory.obj
         Debug\scene_game.obj
         Debug\scene_load.obj
         Debug\scene.obj
         Debug\scene_manager.obj
         Debug\scene_title.obj
         framework.vcxproj -> C:\Users\ths25012\Documents\GitGL\framework\Debug\framework.exe
       FinalizeBuildStatus:
         ファイル "Debug\framework.unsuccessfulbuild" を削除しています。
         "Debug\framework.lastbuildstate" のタッチ タスクを実行しています。
     1>プロジェクト "C:\Users\ths25012\Documents\GitGL\framework\framework.vcxproj" (build ターゲット) のビルドが完了しました。

ビルドに成功しました。

経過時間 00:00:52.83
