2014/12/09 11:50:26 にビルドを開始しました。
     1>ノード 2 上のプロジェクト "C:\Users\AT11H245\Desktop\GL31\server\server.vcxproj" (build ターゲット)。
     1>InitializeBuildStatus:
         "AlwaysCreate" が指定されたため "Debug\server.unsuccessfulbuild" を作成しています。
       ClCompile:
         C:\Program Files (x86)\Microsoft Visual Studio 10.0\VC\bin\CL.exe /c /ZI /nologo /W3 /WX- /Od /Oy- /D WIN32 /D _DEBUG /D _CONSOLE /D _MBCS /Gm /EHsc /RTC1 /MTd /GS /fp:precise /Zc:wchar_t /Zc:forScope /Fo"Debug\\" /Fd"Debug\vc100.pdb" /Gd /TP /analyze- /errorReport:prompt main.cpp
         main.cpp
       ManifestResourceCompile:
         すべての出力が最新のものです。
       Link:
         C:\Program Files (x86)\Microsoft Visual Studio 10.0\VC\bin\link.exe /ERRORREPORT:PROMPT /OUT:"C:\Users\AT11H245\Desktop\GL31\server\Debug\server.exe" /INCREMENTAL /NOLOGO kernel32.lib user32.lib gdi32.lib winspool.lib comdlg32.lib advapi32.lib shell32.lib ole32.lib oleaut32.lib uuid.lib odbc32.lib odbccp32.lib /MANIFEST /ManifestFile:"Debug\server.exe.intermediate.manifest" /MANIFESTUAC:"level='asInvoker' uiAccess='false'" /DEBUG /PDB:"C:\Users\AT11H245\Desktop\GL31\server\Debug\server.pdb" /SUBSYSTEM:CONSOLE /TLBID:1 /DYNAMICBASE /NXCOMPAT /IMPLIB:"C:\Users\AT11H245\Desktop\GL31\server\Debug\server.lib" /MACHINE:X86 Debug\server.exe.embed.manifest.res
         Debug\main.obj
       Manifest:
         C:\Program Files (x86)\Microsoft SDKs\Windows\v7.0A\bin\mt.exe /nologo /verbose /out:"Debug\server.exe.embed.manifest" /manifest Debug\server.exe.intermediate.manifest
         すべての出力が最新のものです。
       LinkEmbedManifest:
         すべての出力が最新のものです。
         server.vcxproj -> C:\Users\AT11H245\Desktop\GL31\server\Debug\server.exe
       FinalizeBuildStatus:
         ファイル "Debug\server.unsuccessfulbuild" を削除しています。
         "Debug\server.lastbuildstate" のタッチ タスクを実行しています。
     1>プロジェクト "C:\Users\AT11H245\Desktop\GL31\server\server.vcxproj" (build ターゲット) のビルドが完了しました。

ビルドに成功しました。

経過時間 00:00:01.70
